<?xml version="1.0" encoding="UTF-8"?>
<!-- Generated by org.testng.reporters.JUnitXMLReporter -->
<testsuite ignored="0" hostname="DESKTOP-C143A4H" failures="0" tests="3" name="Default test" time="180.263" errors="0" timestamp="2023-09-07T13:44:17 IST">
  <testcase classname="testCase.TC01" name="verifylogin" time="9.918"/>
  <testcase classname="testCase.TC01" name="verifyabout" time="25.657"/>
  <testcase classname="testCase.TC01" name="VerifyAddToCard" time="24.534"/>
</testsuite> <!-- Default test -->
